mode: atomic
github.com/zyrthi-io/zyrthi-monitor/config.go:24.47,26.16 2 4
github.com/zyrthi-io/zyrthi-monitor/config.go:26.16,28.3 1 1
github.com/zyrthi-io/zyrthi-monitor/config.go:30.2,31.51 2 3
github.com/zyrthi-io/zyrthi-monitor/config.go:31.51,33.3 1 1
github.com/zyrthi-io/zyrthi-monitor/config.go:35.2,35.18 1 2
github.com/zyrthi-io/zyrthi-monitor/main.go:23.13,28.16 3 0
github.com/zyrthi-io/zyrthi-monitor/main.go:28.16,31.3 2 0
github.com/zyrthi-io/zyrthi-monitor/main.go:34.2,35.15 2 0
github.com/zyrthi-io/zyrthi-monitor/main.go:35.15,37.16 2 0
github.com/zyrthi-io/zyrthi-monitor/main.go:37.16,39.4 1 0
github.com/zyrthi-io/zyrthi-monitor/main.go:42.2,43.16 2 0
github.com/zyrthi-io/zyrthi-monitor/main.go:43.16,45.17 2 0
github.com/zyrthi-io/zyrthi-monitor/main.go:45.17,48.18 2 0
github.com/zyrthi-io/zyrthi-monitor/main.go:48.18,51.5 2 0
github.com/zyrthi-io/zyrthi-monitor/main.go:52.4,52.23 1 0
github.com/zyrthi-io/zyrthi-monitor/main.go:52.23,55.5 2 0
github.com/zyrthi-io/zyrthi-monitor/main.go:56.4,57.48 2 0
github.com/zyrthi-io/zyrthi-monitor/main.go:62.2,65.16 2 0
github.com/zyrthi-io/zyrthi-monitor/main.go:65.16,68.3 2 0
github.com/zyrthi-io/zyrthi-monitor/main.go:69.2,91.25 10 0
github.com/zyrthi-io/zyrthi-monitor/monitor.go:30.59,36.24 2 16
github.com/zyrthi-io/zyrthi-monitor/monitor.go:36.24,38.17 2 1
github.com/zyrthi-io/zyrthi-monitor/monitor.go:38.17,40.4 1 1
github.com/zyrthi-io/zyrthi-monitor/monitor.go:43.2,43.10 1 16
github.com/zyrthi-io/zyrthi-monitor/monitor.go:47.30,51.6 3 0
github.com/zyrthi-io/zyrthi-monitor/monitor.go:51.6,53.17 2 0
github.com/zyrthi-io/zyrthi-monitor/monitor.go:53.17,54.21 1 0
github.com/zyrthi-io/zyrthi-monitor/monitor.go:54.21,57.5 2 0
github.com/zyrthi-io/zyrthi-monitor/monitor.go:58.4,59.12 2 0
github.com/zyrthi-io/zyrthi-monitor/monitor.go:62.3,65.23 2 0
github.com/zyrthi-io/zyrthi-monitor/monitor.go:65.23,67.4 1 0
github.com/zyrthi-io/zyrthi-monitor/monitor.go:70.3,70.20 1 0
github.com/zyrthi-io/zyrthi-monitor/monitor.go:70.20,72.4 1 0
github.com/zyrthi-io/zyrthi-monitor/monitor.go:72.9,74.4 1 0
github.com/zyrthi-io/zyrthi-monitor/monitor.go:79.31,82.6 2 0
github.com/zyrthi-io/zyrthi-monitor/monitor.go:82.6,84.17 2 0
github.com/zyrthi-io/zyrthi-monitor/monitor.go:84.17,85.12 1 0
github.com/zyrthi-io/zyrthi-monitor/monitor.go:89.3,90.21 2 0
github.com/zyrthi-io/zyrthi-monitor/monitor.go:90.21,92.12 2 0
github.com/zyrthi-io/zyrthi-monitor/monitor.go:94.3,94.21 1 0
github.com/zyrthi-io/zyrthi-monitor/monitor.go:94.21,96.12 2 0
github.com/zyrthi-io/zyrthi-monitor/monitor.go:100.3,100.36 1 0
github.com/zyrthi-io/zyrthi-monitor/monitor.go:105.65,106.25 1 9
github.com/zyrthi-io/zyrthi-monitor/monitor.go:106.25,107.16 1 95
github.com/zyrthi-io/zyrthi-monitor/monitor.go:107.16,111.75 2 7
github.com/zyrthi-io/zyrthi-monitor/monitor.go:111.75,113.13 2 1
github.com/zyrthi-io/zyrthi-monitor/monitor.go:117.4,117.27 1 6
github.com/zyrthi-io/zyrthi-monitor/monitor.go:117.27,119.5 1 1
github.com/zyrthi-io/zyrthi-monitor/monitor.go:119.10,121.5 1 5
github.com/zyrthi-io/zyrthi-monitor/monitor.go:123.4,123.25 1 6
github.com/zyrthi-io/zyrthi-monitor/monitor.go:124.9,124.34 1 88
github.com/zyrthi-io/zyrthi-monitor/monitor.go:124.34,126.4 1 85
github.com/zyrthi-io/zyrthi-monitor/monitor.go:128.2,128.16 1 9
github.com/zyrthi-io/zyrthi-monitor/monitor.go:132.41,133.25 1 3
github.com/zyrthi-io/zyrthi-monitor/monitor.go:133.25,134.16 1 13
github.com/zyrthi-io/zyrthi-monitor/monitor.go:134.16,135.13 1 3
github.com/zyrthi-io/zyrthi-monitor/monitor.go:135.13,137.5 1 0
github.com/zyrthi-io/zyrthi-monitor/monitor.go:138.4,138.27 1 3
github.com/zyrthi-io/zyrthi-monitor/monitor.go:138.27,140.5 1 1
github.com/zyrthi-io/zyrthi-monitor/monitor.go:142.3,142.25 1 13
github.com/zyrthi-io/zyrthi-monitor/monitor.go:144.2,144.15 1 3
github.com/zyrthi-io/zyrthi-monitor/monitor.go:148.33,154.2 4 2
github.com/zyrthi-io/zyrthi-monitor/monitor.go:157.27,158.22 1 2
github.com/zyrthi-io/zyrthi-monitor/monitor.go:158.22,160.3 1 1
